
 PC   = 000002 = [000 000 303] = NOP
 SP   = 165345 = [324 003 353 042 325 003 001 000]
 regA = 334 regS = 304 = SZ...P..
 regB = 276 regC = 325 regD = 101 regE = 335 regH = 311 regL = 005

Start address: 0
End address: 222
:1000000000000000C3200000C31800000000000032
:100010000000000000000000C328000000000000F5
:10002000C380000000000000C302000000000000C8
:1000300000000000000000000000000000000000C0
:1000400000000000000000000000000000000000B0
:1000500000000000000000000000000000000000A0
:100060000000000000000000000000000000000090
:100070000000000000000000000000000000000080
:10008000C3080000000000000000000000000000A5
:030090000000006D
:0000000000


 PC   = 000002 = [000 000 303] = NOP
 SP   = 165345 = [324 003 353 042 325 003 001 000]
 regA = 334 regS = 304 = SZ...P..
 regB = 276 regC = 325 regD = 101 regE = 335 regH = 311 regL = 005
 
END.
